23-Sep-2019 18:04:00 PS_PARMS_DEFAULT max_topo_err = 20
23-Sep-2019 18:04:00 PS_PARMS_DEFAULT quick_est_gamma_flag = y
23-Sep-2019 18:04:00 PS_PARMS_DEFAULT select_reest_gamma_flag = y
23-Sep-2019 18:04:00 PS_PARMS_DEFAULT filter_grid_size = 50
23-Sep-2019 18:04:00 PS_PARMS_DEFAULT filter_weighting = P-square
23-Sep-2019 18:04:00 PS_PARMS_DEFAULT gamma_change_convergence = 0.005
23-Sep-2019 18:04:00 PS_PARMS_DEFAULT gamma_max_iterations = 3
23-Sep-2019 18:04:00 PS_PARMS_DEFAULT slc_osf = 1
23-Sep-2019 18:04:00 PS_PARMS_DEFAULT clap_win = 32
23-Sep-2019 18:04:00 PS_PARMS_DEFAULT clap_low_pass_wavelength = 800
23-Sep-2019 18:04:00 PS_PARMS_DEFAULT clap_alpha = 1
23-Sep-2019 18:04:00 PS_PARMS_DEFAULT clap_beta = 0.3
23-Sep-2019 18:04:00 PS_PARMS_DEFAULT select_method = DENSITY
23-Sep-2019 18:04:00 PS_PARMS_DEFAULT density_rand = 20
23-Sep-2019 18:04:00 PS_PARMS_DEFAULT percent_rand = 20
23-Sep-2019 18:04:00 PS_PARMS_DEFAULT gamma_stdev_reject = 0
23-Sep-2019 18:04:00 PS_PARMS_DEFAULT weed_time_win = 730
23-Sep-2019 18:04:00 PS_PARMS_DEFAULT weed_max_noise = Inf
23-Sep-2019 18:04:00 PS_PARMS_DEFAULT weed_standard_dev = 1
23-Sep-2019 18:04:00 PS_PARMS_DEFAULT weed_zero_elevation = n
23-Sep-2019 18:04:00 PS_PARMS_DEFAULT weed_neighbours = n
23-Sep-2019 18:04:00 PS_PARMS_DEFAULT unwrap_method = 3D
23-Sep-2019 18:04:00 PS_PARMS_DEFAULT unwrap_patch_phase = n
23-Sep-2019 18:04:00 PS_PARMS_DEFAULT drop_ifg_index = []
23-Sep-2019 18:04:00 PS_PARMS_DEFAULT unwrap_la_error_flag = y
23-Sep-2019 18:04:00 PS_PARMS_DEFAULT unwrap_spatial_cost_func_flag = n
23-Sep-2019 18:04:00 PS_PARMS_DEFAULT unwrap_prefilter_flag = y
23-Sep-2019 18:04:00 PS_PARMS_DEFAULT unwrap_grid_size = 200
23-Sep-2019 18:04:00 PS_PARMS_DEFAULT unwrap_gold_n_win = 32
23-Sep-2019 18:04:00 PS_PARMS_DEFAULT unwrap_alpha = 8
23-Sep-2019 18:04:00 PS_PARMS_DEFAULT unwrap_time_win = 730
23-Sep-2019 18:04:01 PS_PARMS_DEFAULT unwrap_gold_alpha = 0.8
23-Sep-2019 18:04:01 PS_PARMS_DEFAULT unwrap_hold_good_values = n
23-Sep-2019 18:04:01 PS_PARMS_DEFAULT scla_drop_index = []
23-Sep-2019 18:04:01 PS_PARMS_DEFAULT scn_wavelength = 100
23-Sep-2019 18:04:01 PS_PARMS_DEFAULT scn_time_win = 365
23-Sep-2019 18:04:01 PS_PARMS_DEFAULT scn_deramp_ifg = []
23-Sep-2019 18:04:01 PS_PARMS_DEFAULT scn_kriging_flag = n
23-Sep-2019 18:04:01 PS_PARMS_DEFAULT ref_lon = -Inf  Inf
23-Sep-2019 18:04:01 PS_PARMS_DEFAULT ref_lat = -Inf  Inf
23-Sep-2019 18:04:01 PS_PARMS_DEFAULT ref_centre_lonlat = 0  0
23-Sep-2019 18:04:01 PS_PARMS_DEFAULT ref_radius = Inf
23-Sep-2019 18:04:01 PS_PARMS_DEFAULT ref_velocity = 0
23-Sep-2019 18:04:01 PS_PARMS_DEFAULT n_cores = 1
23-Sep-2019 18:04:01 PS_PARMS_DEFAULT plot_dem_posting = 90
23-Sep-2019 18:04:01 PS_PARMS_DEFAULT plot_scatterer_size = 120
23-Sep-2019 18:04:01 PS_PARMS_DEFAULT plot_pixels_scatterer = 3
23-Sep-2019 18:04:01 PS_PARMS_DEFAULT plot_color_scheme = inflation
23-Sep-2019 18:04:01 PS_PARMS_DEFAULT shade_rel_angle = 90  45
23-Sep-2019 18:04:01 PS_PARMS_DEFAULT lonlat_offset = 0  0
23-Sep-2019 18:04:01 PS_PARMS_DEFAULT merge_resample_size = 0
23-Sep-2019 18:04:01 PS_PARMS_DEFAULT merge_standard_dev = Inf
23-Sep-2019 18:04:01 PS_PARMS_DEFAULT scla_method = L2
23-Sep-2019 18:04:01 PS_PARMS_DEFAULT scla_deramp = n
23-Sep-2019 18:04:01 PS_PARMS_DEFAULT lambda = NaN
23-Sep-2019 18:04:01 PS_PARMS_DEFAULT heading = NaN
23-Sep-2019 18:04:01 PS_PARMS_DEFAULT subtr_tropo = n
23-Sep-2019 18:04:01 PS_PARMS_DEFAULT tropo_method = a_l
23-Sep-2019 18:04:15 PS_PARMS_DEFAULT max_topo_err = 20
23-Sep-2019 18:04:16 PS_PARMS_DEFAULT quick_est_gamma_flag = y
23-Sep-2019 18:04:16 PS_PARMS_DEFAULT select_reest_gamma_flag = y
23-Sep-2019 18:04:16 PS_PARMS_DEFAULT filter_grid_size = 50
23-Sep-2019 18:04:16 PS_PARMS_DEFAULT filter_weighting = P-square
23-Sep-2019 18:04:16 PS_PARMS_DEFAULT gamma_change_convergence = 0.005
23-Sep-2019 18:04:16 PS_PARMS_DEFAULT gamma_max_iterations = 3
23-Sep-2019 18:04:16 PS_PARMS_DEFAULT slc_osf = 1
23-Sep-2019 18:04:16 PS_PARMS_DEFAULT clap_win = 32
23-Sep-2019 18:04:16 PS_PARMS_DEFAULT clap_low_pass_wavelength = 800
23-Sep-2019 18:04:16 PS_PARMS_DEFAULT clap_alpha = 1
23-Sep-2019 18:04:16 PS_PARMS_DEFAULT clap_beta = 0.3
23-Sep-2019 18:04:16 PS_PARMS_DEFAULT select_method = DENSITY
23-Sep-2019 18:04:16 PS_PARMS_DEFAULT density_rand = 20
23-Sep-2019 18:04:16 PS_PARMS_DEFAULT percent_rand = 20
23-Sep-2019 18:04:16 PS_PARMS_DEFAULT gamma_stdev_reject = 0
23-Sep-2019 18:04:16 PS_PARMS_DEFAULT weed_time_win = 730
23-Sep-2019 18:04:16 PS_PARMS_DEFAULT weed_max_noise = Inf
23-Sep-2019 18:04:16 PS_PARMS_DEFAULT weed_standard_dev = 1
23-Sep-2019 18:04:16 PS_PARMS_DEFAULT weed_zero_elevation = n
23-Sep-2019 18:04:16 PS_PARMS_DEFAULT weed_neighbours = n
23-Sep-2019 18:04:16 PS_PARMS_DEFAULT unwrap_method = 3D
23-Sep-2019 18:04:16 PS_PARMS_DEFAULT unwrap_patch_phase = n
23-Sep-2019 18:04:16 PS_PARMS_DEFAULT drop_ifg_index = []
23-Sep-2019 18:04:16 PS_PARMS_DEFAULT unwrap_la_error_flag = y
23-Sep-2019 18:04:16 PS_PARMS_DEFAULT unwrap_spatial_cost_func_flag = n
23-Sep-2019 18:04:16 PS_PARMS_DEFAULT unwrap_prefilter_flag = y
23-Sep-2019 18:04:16 PS_PARMS_DEFAULT unwrap_grid_size = 200
23-Sep-2019 18:04:16 PS_PARMS_DEFAULT unwrap_gold_n_win = 32
23-Sep-2019 18:04:16 PS_PARMS_DEFAULT unwrap_alpha = 8
23-Sep-2019 18:04:16 PS_PARMS_DEFAULT unwrap_time_win = 730
23-Sep-2019 18:04:16 PS_PARMS_DEFAULT unwrap_gold_alpha = 0.8
23-Sep-2019 18:04:16 PS_PARMS_DEFAULT unwrap_hold_good_values = n
23-Sep-2019 18:04:16 PS_PARMS_DEFAULT scla_drop_index = []
23-Sep-2019 18:04:16 PS_PARMS_DEFAULT scn_wavelength = 100
23-Sep-2019 18:04:16 PS_PARMS_DEFAULT scn_time_win = 365
23-Sep-2019 18:04:16 PS_PARMS_DEFAULT scn_deramp_ifg = []
23-Sep-2019 18:04:16 PS_PARMS_DEFAULT scn_kriging_flag = n
23-Sep-2019 18:04:16 PS_PARMS_DEFAULT ref_lon = -Inf  Inf
23-Sep-2019 18:04:16 PS_PARMS_DEFAULT ref_lat = -Inf  Inf
23-Sep-2019 18:04:16 PS_PARMS_DEFAULT ref_centre_lonlat = 0  0
23-Sep-2019 18:04:16 PS_PARMS_DEFAULT ref_radius = Inf
23-Sep-2019 18:04:16 PS_PARMS_DEFAULT ref_velocity = 0
23-Sep-2019 18:04:16 PS_PARMS_DEFAULT n_cores = 1
23-Sep-2019 18:04:16 PS_PARMS_DEFAULT plot_dem_posting = 90
23-Sep-2019 18:04:16 PS_PARMS_DEFAULT plot_scatterer_size = 120
23-Sep-2019 18:04:16 PS_PARMS_DEFAULT plot_pixels_scatterer = 3
23-Sep-2019 18:04:16 PS_PARMS_DEFAULT plot_color_scheme = inflation
23-Sep-2019 18:04:16 PS_PARMS_DEFAULT shade_rel_angle = 90  45
23-Sep-2019 18:04:16 PS_PARMS_DEFAULT lonlat_offset = 0  0
23-Sep-2019 18:04:16 PS_PARMS_DEFAULT merge_resample_size = 0
23-Sep-2019 18:04:16 PS_PARMS_DEFAULT merge_standard_dev = Inf
23-Sep-2019 18:04:16 PS_PARMS_DEFAULT scla_method = L2
23-Sep-2019 18:04:16 PS_PARMS_DEFAULT scla_deramp = n
23-Sep-2019 18:04:16 PS_PARMS_DEFAULT lambda = NaN
23-Sep-2019 18:04:16 PS_PARMS_DEFAULT heading = NaN
23-Sep-2019 18:04:16 PS_PARMS_DEFAULT subtr_tropo = n
23-Sep-2019 18:04:16 PS_PARMS_DEFAULT tropo_method = a_l
